<?xml version="1.0" encoding="UTF-8"?>
<!-- Generated by org.testng.reporters.JUnitReportReporter -->
<testsuite hostname="Maddy.local" failures="0" tests="4" name="com.freecrm.tests.ContactsPageTest" time="38.842" errors="0" timestamp="05 Feb 2018 07:16:30 GMT" skipped="0">
  <testcase classname="com.freecrm.tests.ContactsPageTest" name="createNewContactTest" time="9.469"/>
  <testcase classname="com.freecrm.tests.ContactsPageTest" name="createNewContactTest" time="13.545"/>
  <testcase classname="com.freecrm.tests.ContactsPageTest" name="createNewContactTest" time="9.559"/>
  <testcase classname="com.freecrm.tests.ContactsPageTest" name="verifyContactsLabel" time="6.269"/>
</testsuite> <!-- com.freecrm.tests.ContactsPageTest -->
