<?xml version="1.0" encoding="UTF-8"?>
<!-- Generated by org.testng.reporters.JUnitReportReporter -->
<testsuite hostname="Maddy.local" failures="0" tests="4" name="com.freecrm.tests.ContactsPageTest" time="41.258" errors="0" timestamp="04 Feb 2018 19:16:36 GMT" skipped="0">
  <testcase classname="com.freecrm.tests.ContactsPageTest" name="createNewContactTest" time="9.279"/>
  <testcase classname="com.freecrm.tests.ContactsPageTest" name="createNewContactTest" time="9.832"/>
  <testcase classname="com.freecrm.tests.ContactsPageTest" name="verifyContactsLabel" time="7.096"/>
  <testcase classname="com.freecrm.tests.ContactsPageTest" name="createNewContactTest" time="15.051"/>
</testsuite> <!-- com.freecrm.tests.ContactsPageTest -->
