<?xml version="1.0" encoding="UTF-8"?>
<!-- Generated by org.testng.reporters.JUnitReportReporter -->
<testsuite hostname="Maddy.local" failures="0" tests="2" name="com.freecrm.tests.HomePageTest" time="11.785" errors="0" timestamp="05 Feb 2018 07:16:30 GMT" skipped="0">
  <testcase classname="com.freecrm.tests.HomePageTest" name="logoTest" time="5.479"/>
  <testcase classname="com.freecrm.tests.HomePageTest" name="verifyContactLinkTest" time="6.306"/>
</testsuite> <!-- com.freecrm.tests.HomePageTest -->
