<?xml version="1.0" encoding="UTF-8"?>
<!-- Generated by org.testng.reporters.JUnitReportReporter -->
<testsuite hostname="Maddy.local" failures="0" tests="3" name="com.freecrm.tests.LoginPageTest" time="18.581" errors="0" timestamp="04 Feb 2018 20:09:22 GMT" skipped="0">
  <testcase classname="com.freecrm.tests.LoginPageTest" name="titleTest" time="3.833"/>
  <testcase classname="com.freecrm.tests.LoginPageTest" name="logoTest" time="5.519"/>
  <testcase classname="com.freecrm.tests.LoginPageTest" name="loginTest" time="9.229"/>
</testsuite> <!-- com.freecrm.tests.LoginPageTest -->
