<?xml version="1.0" encoding="UTF-8"?>
<!-- Generated by org.testng.reporters.JUnitReportReporter -->
<testsuite hostname="Maddy.local" failures="0" tests="1" name="com.freecrm.pages.LoginPage" time="4.826" errors="0" timestamp="04 Feb 2018 00:34:58 GMT" skipped="0">
  <testcase classname="com.freecrm.pages.LoginPage" name="run" time="4.826"/>
</testsuite> <!-- com.freecrm.pages.LoginPage -->
