<?xml version="1.0" encoding="UTF-8"?>
<!-- Generated by org.testng.reporters.JUnitReportReporter -->
<testsuite hostname="Maddy.local" failures="0" tests="3" name="com.freecrm.tests.LoginPageTest" time="15.002" errors="0" timestamp="04 Feb 2018 07:46:30 GMT" skipped="0">
  <testcase classname="com.freecrm.tests.LoginPageTest" name="titleTest" time="4.192"/>
  <testcase classname="com.freecrm.tests.LoginPageTest" name="logoTest" time="3.771"/>
  <testcase classname="com.freecrm.tests.LoginPageTest" name="loginTest" time="7.039"/>
</testsuite> <!-- com.freecrm.tests.LoginPageTest -->
