<?xml version="1.0" encoding="UTF-8"?>
<!-- Generated by org.testng.reporters.JUnitReportReporter -->
<testsuite hostname="Maddy.local" failures="0" tests="2" name="com.freecrm.tests.HomePageTest" time="13.725" errors="0" timestamp="04 Feb 2018 07:46:30 GMT" skipped="0">
  <testcase classname="com.freecrm.tests.HomePageTest" name="logoTest" time="5.770"/>
  <testcase classname="com.freecrm.tests.HomePageTest" name="verifyContactLinkTest" time="7.955"/>
</testsuite> <!-- com.freecrm.tests.HomePageTest -->
