<?xml version="1.0" encoding="UTF-8"?>
<!-- Generated by org.testng.reporters.JUnitReportReporter -->
<testsuite hostname="Maddy.local" failures="0" tests="3" name="com.freecrm.tests.LoginPageTest" time="13.293" errors="0" timestamp="05 Feb 2018 07:16:30 GMT" skipped="0">
  <testcase classname="com.freecrm.tests.LoginPageTest" name="titleTest" time="3.446"/>
  <testcase classname="com.freecrm.tests.LoginPageTest" name="logoTest" time="3.680"/>
  <testcase classname="com.freecrm.tests.LoginPageTest" name="loginTest" time="6.167"/>
</testsuite> <!-- com.freecrm.tests.LoginPageTest -->
