<?xml version="1.0" encoding="UTF-8"?>
<!-- Generated by org.testng.reporters.JUnitReportReporter -->
<testsuite hostname="Maddy.local" failures="0" tests="1" name="com.freecrm.tests.LoginPageTest" time="19.242" errors="0" timestamp="12 Feb 2018 01:10:03 GMT" skipped="0">
  <testcase classname="com.freecrm.tests.LoginPageTest" name="loginTest" time="19.242"/>
</testsuite> <!-- com.freecrm.tests.LoginPageTest -->
