<?xml version="1.0" encoding="UTF-8"?>
<!-- Generated by org.testng.reporters.JUnitReportReporter -->
<testsuite hostname="Maddy.local" failures="0" tests="1" name="com.freecrm.tests.ContactsPageTest" time="13.205" errors="0" timestamp="04 Feb 2018 07:10:52 GMT" skipped="0">
  <testcase classname="com.freecrm.tests.ContactsPageTest" name="verifyContactsLabel" time="13.205"/>
</testsuite> <!-- com.freecrm.tests.ContactsPageTest -->
