<?xml version="1.0" encoding="UTF-8"?>
<!-- Generated by org.testng.reporters.JUnitReportReporter -->
<testsuite hostname="Maddy.local" failures="0" tests="2" name="com.freecrm.tests.HomePageTest" time="14.949" errors="0" timestamp="04 Feb 2018 19:16:36 GMT" skipped="0">
  <testcase classname="com.freecrm.tests.HomePageTest" name="logoTest" time="6.346"/>
  <testcase classname="com.freecrm.tests.HomePageTest" name="verifyContactLinkTest" time="8.603"/>
</testsuite> <!-- com.freecrm.tests.HomePageTest -->
