<?xml version="1.0" encoding="UTF-8"?>
<!-- Generated by org.testng.reporters.JUnitReportReporter -->
<testsuite hostname="Maddy.local" failures="0" tests="3" name="com.freecrm.tests.LoginPageTest" time="14.228" errors="0" timestamp="04 Feb 2018 07:10:52 GMT" skipped="0">
  <testcase classname="com.freecrm.tests.LoginPageTest" name="titleTest" time="3.915"/>
  <testcase classname="com.freecrm.tests.LoginPageTest" name="logoTest" time="3.943"/>
  <testcase classname="com.freecrm.tests.LoginPageTest" name="loginTest" time="6.370"/>
</testsuite> <!-- com.freecrm.tests.LoginPageTest -->
