<?xml version="1.0" encoding="UTF-8"?>
<!-- Generated by org.testng.reporters.JUnitReportReporter -->
<testsuite hostname="Maddy.local" failures="0" tests="2" name="com.freecrm.tests.HomePageTest" time="18.500" errors="0" timestamp="04 Feb 2018 07:10:52 GMT" skipped="0">
  <testcase classname="com.freecrm.tests.HomePageTest" name="logoTest" time="9.267"/>
  <testcase classname="com.freecrm.tests.HomePageTest" name="verifyContactLinkTest" time="9.233"/>
</testsuite> <!-- com.freecrm.tests.HomePageTest -->
